<?xml version="1.0" encoding="UTF-8"?>
<!-- Generated by org.testng.reporters.JUnitReportReporter -->
<testsuite hostname="HIBACL69316" name="com.autohero.searchfunc.SearchTest" tests="2" failures="0" timestamp="28 Feb 2020 07:56:30 GMT" time="859.250" errors="0">
  <testcase name="testPriceSort" time="429.097" classname="com.autohero.searchfunc.SearchTest"/>
  <testcase name="testFirstReg" time="430.153" classname="com.autohero.searchfunc.SearchTest"/>
</testsuite> <!-- com.autohero.searchfunc.SearchTest -->
